[debug] [2021-02-08T17:24:42.141Z] ----------------------------------------------------------------------
[debug] [2021-02-08T17:24:42.143Z] Command:       C:\Program Files\nodejs\node.exe C:\Users\skonyali\AppData\Roaming\npm\node_modules\firebase-tools\lib\bin\firebase.js init hosting
[debug] [2021-02-08T17:24:42.144Z] CLI Version:   9.3.0
[debug] [2021-02-08T17:24:42.144Z] Platform:      win32
[debug] [2021-02-08T17:24:42.144Z] Node Version:  v14.15.1
[debug] [2021-02-08T17:24:42.145Z] Time:          Mon Feb 08 2021 20:24:42 GMT+0300 (GMT+03:00)
[debug] [2021-02-08T17:24:42.145Z] ----------------------------------------------------------------------
[debug] [2021-02-08T17:24:42.145Z] 
[debug] [2021-02-08T17:24:42.153Z] > command requires scopes: ["email","openid","https://www.googleapis.com/auth/cloudplatformprojects.readonly","https://www.googleapis.com/auth/firebase","https://www.googleapis.com/auth/cloud-platform"]
[debug] [2021-02-08T17:24:42.154Z] > authorizing via signed-in user
[info] 
     ######## #### ########  ######## ########     ###     ######  ########
     ##        ##  ##     ## ##       ##     ##  ##   ##  ##       ##
     ######    ##  ########  ######   ########  #########  ######  ######
     ##        ##  ##    ##  ##       ##     ## ##     ##       ## ##
     ##       #### ##     ## ######## ########  ##     ##  ######  ########

You're about to initialize a Firebase project in this directory:

  C:\Users\skonyali\Desktop\Dosyalar\EvliyalarAnsiklopedisi

Before we get started, keep in mind:

  * You are initializing in an existing Firebase project directory

[info] 
=== Project Setup
[info] 
[info] First, let's associate this project directory with a Firebase project.
[info] You can create multiple project aliases by running firebase use --add, 
[info] but for now we'll just set up a default project.
[info] 
[info] i  .firebaserc already has a default project, using evliyalar-ansiklopedisi. 
[debug] [2021-02-08T17:24:45.371Z] > refreshing access token with scopes: []
[debug] [2021-02-08T17:24:45.372Z] >>> HTTP REQUEST POST https://www.googleapis.com/oauth2/v3/token  
 <request body omitted>
[debug] [2021-02-08T17:24:45.640Z] <<< HTTP RESPONSE 200 {"expires":"Mon, 01 Jan 1990 00:00:00 GMT","cache-control":"no-cache, no-store, max-age=0, must-revalidate","pragma":"no-cache","date":"Mon, 08 Feb 2021 17:24:45 GMT","content-type":"application/json; charset=utf-8","vary":"X-Origin, Referer, Origin,Accept-Encoding","server":"scaffolding on HTTPServer2","x-xss-protection":"0","x-frame-options":"SAMEORIGIN","x-content-type-options":"nosniff","alt-svc":"h3-29=\":443\"; ma=2592000,h3-T051=\":443\"; ma=2592000,h3-Q050=\":443\"; ma=2592000,h3-Q046=\":443\"; ma=2592000,h3-Q043=\":443\"; ma=2592000,quic=\":443\"; ma=2592000; v=\"46,43\"","accept-ranges":"none","transfer-encoding":"chunked"}
[debug] [2021-02-08T17:24:45.650Z] >>> [apiv2][query] GET https://firebase.googleapis.com/v1beta1/projects/evliyalar-ansiklopedisi [none]
[debug] [2021-02-08T17:24:45.945Z] <<< [apiv2][status] GET https://firebase.googleapis.com/v1beta1/projects/evliyalar-ansiklopedisi 200
[debug] [2021-02-08T17:24:45.945Z] <<< [apiv2][body] GET https://firebase.googleapis.com/v1beta1/projects/evliyalar-ansiklopedisi {"projectId":"evliyalar-ansiklopedisi","projectNumber":"137921973335","displayName":" Evliyalar Ansiklopedisi","name":"projects/evliyalar-ansiklopedisi","resources":{"hostingSite":"evliyalar-ansiklopedisi","realtimeDatabaseInstance":"evliyalar-ansiklopedisi-default-rtdb","storageBucket":"evliyalar-ansiklopedisi.appspot.com","locationId":"europe-west"},"state":"ACTIVE"}
[info] 
=== Hosting Setup
[info] 
[info] Your public directory is the folder (relative to your project directory) that
[info] will contain Hosting assets to be uploaded with firebase deploy. If you
[info] have a build process for your assets, use your build's output directory.
[info] 
